<?xml version="1.0" encoding="UTF-8"?>
<!-- Generated by org.testng.reporters.JUnitReportReporter -->
<testsuite skipped="0" hostname="HIBAIL56180" name="RestassuredTests.Demo3putRequest" tests="1" failures="0" timestamp="26 Apr 2020 19:57:44 GMT" time="4.249" errors="0">
  <testcase name="testPut" time="4.249" classname="RestassuredTests.Demo3putRequest"/>
</testsuite> <!-- RestassuredTests.Demo3putRequest -->
