<?xml version="1.0" encoding="UTF-8"?>
<!-- Generated by org.testng.reporters.JUnitReportReporter -->
<testsuite skipped="0" hostname="HIBAIL56180" name="RestassuredTests.demo2_postrequest" tests="1" failures="0" timestamp="26 Apr 2020 23:22:33 GMT" time="6.657" errors="0">
  <testcase name="testpost" time="6.657" classname="RestassuredTests.demo2_postrequest"/>
</testsuite> <!-- RestassuredTests.demo2_postrequest -->
