<?xml version="1.0" encoding="UTF-8"?>
<!-- Generated by org.testng.reporters.JUnitReportReporter -->
<testsuite skipped="0" hostname="HIBAIL56180" name="RestassuredTests.BasicvalidationofJson" tests="1" failures="0" timestamp="26 Apr 2020 20:30:06 GMT" time="5.552" errors="0">
  <testcase name="validation" time="5.552" classname="RestassuredTests.BasicvalidationofJson"/>
</testsuite> <!-- RestassuredTests.BasicvalidationofJson -->
